2023-07-02T16:39:48.278-07:00  INFO 66204 --- [main] d.e.c.Application                        : Starting Application using Java 17.0.7 with PID 66204 (C:\Users\Earl\Desktop\SpringBoot_Projects\content-calendar\content-calendar\target\classes started by Earl in C:\Users\Earl\Desktop\SpringBoot_Projects\content-calendar)
2023-07-02T16:39:48.289-07:00  INFO 66204 --- [main] d.e.c.Application                        : No active profile set, falling back to 1 default profile: "default"
2023-07-02T16:39:49.253-07:00  INFO 66204 --- [main] .s.d.r.c.RepositoryConfigurationDelegate : Bootstrapping Spring Data JPA repositories in DEFAULT mode.
2023-07-02T16:39:49.319-07:00  INFO 66204 --- [main] .s.d.r.c.RepositoryConfigurationDelegate : Finished Spring Data repository scanning in 56 ms. Found 1 JPA repository interfaces.
2023-07-02T16:39:49.966-07:00  INFO 66204 --- [main] o.s.b.w.e.t.TomcatWebServer              : Tomcat initialized with port(s): 8080 (http)
2023-07-02T16:39:49.981-07:00  INFO 66204 --- [main] o.a.c.c.StandardService                  : Starting service [Tomcat]
2023-07-02T16:39:49.982-07:00  INFO 66204 --- [main] o.a.c.c.StandardEngine                   : Starting Servlet engine: [Apache Tomcat/10.1.8]
2023-07-02T16:39:50.088-07:00  INFO 66204 --- [main] o.a.c.c.C.[.[.[/]                        : Initializing Spring embedded WebApplicationContext
2023-07-02T16:39:50.090-07:00  INFO 66204 --- [main] w.s.c.ServletWebServerApplicationContext : Root WebApplicationContext: initialization completed in 1752 ms
2023-07-02T16:39:50.348-07:00  INFO 66204 --- [main] c.z.h.HikariDataSource                   : HikariPool-1 - Starting...
2023-07-02T16:39:50.678-07:00  INFO 66204 --- [main] c.z.h.p.HikariPool                       : HikariPool-1 - Added connection com.mysql.cj.jdbc.ConnectionImpl@7fd751de
2023-07-02T16:39:50.680-07:00  INFO 66204 --- [main] c.z.h.HikariDataSource                   : HikariPool-1 - Start completed.
2023-07-02T16:39:50.810-07:00  INFO 66204 --- [main] o.h.j.i.u.LogHelper                      : HHH000204: Processing PersistenceUnitInfo [name: default]
2023-07-02T16:39:50.880-07:00  INFO 66204 --- [main] o.h.Version                              : HHH000412: Hibernate ORM core version 6.2.2.Final
2023-07-02T16:39:50.883-07:00  INFO 66204 --- [main] o.h.c.Environment                        : HHH000406: Using bytecode reflection optimizer
2023-07-02T16:39:51.052-07:00  INFO 66204 --- [main] o.h.b.i.BytecodeProviderInitiator        : HHH000021: Bytecode provider name : bytebuddy
2023-07-02T16:39:51.216-07:00  INFO 66204 --- [main] o.s.o.j.p.SpringPersistenceUnitInfo      : No LoadTimeWeaver setup: ignoring JPA class transformer
2023-07-02T16:39:51.293-07:00  INFO 66204 --- [main] o.h.o.dialect                            : HHH035001: Using dialect: org.hibernate.dialect.MySQLDialect, version: 8.0.21
2023-07-02T16:39:51.501-07:00  INFO 66204 --- [main] o.h.b.i.BytecodeProviderInitiator        : HHH000021: Bytecode provider name : bytebuddy
2023-07-02T16:39:52.147-07:00  INFO 66204 --- [main] o.h.e.t.j.p.i.JtaPlatformInitiator       : HHH000490: Using JtaPlatform implementation: [org.hibernate.engine.transaction.jta.platform.internal.NoJtaPlatform]
2023-07-02T16:39:52.150-07:00  INFO 66204 --- [main] j.LocalContainerEntityManagerFactoryBean : Initialized JPA EntityManagerFactory for persistence unit 'default'
2023-07-02T16:39:52.465-07:00  INFO 66204 --- [main] o.s.d.j.r.q.QueryEnhancerFactory         : Hibernate is in classpath; If applicable, HQL parser will be used.
2023-07-02T16:39:52.858-07:00  WARN 66204 --- [main] JpaBaseConfiguration$JpaWebConfiguration : spring.jpa.open-in-view is enabled by default. Therefore, database queries may be performed during view rendering. Explicitly configure spring.jpa.open-in-view to disable this warning
2023-07-02T16:39:53.359-07:00  INFO 66204 --- [main] o.s.b.a.e.w.EndpointLinksResolver        : Exposing 14 endpoint(s) beneath base path '/actuator'
2023-07-02T16:39:53.445-07:00  INFO 66204 --- [main] o.s.b.w.e.t.TomcatWebServer              : Tomcat started on port(s): 8080 (http) with context path ''
2023-07-02T16:39:53.463-07:00  INFO 66204 --- [main] d.e.c.Application                        : Started Application in 5.697 seconds (process running for 6.485)
2023-07-02T20:12:52.395-07:00  WARN 66204 --- [HikariPool-1 housekeeper] c.z.h.p.HikariPool                       : HikariPool-1 - Thread starvation or clock leap detected (housekeeper delta=3h16m31s468ms899µs800ns).
2023-07-02T22:00:20.493-07:00  WARN 66204 --- [HikariPool-1 housekeeper] c.z.h.p.HikariPool                       : HikariPool-1 - Thread starvation or clock leap detected (housekeeper delta=28m26s240ms765µs600ns).
2023-07-02T23:35:54.331-07:00  WARN 66204 --- [HikariPool-1 housekeeper] c.z.h.p.HikariPool                       : HikariPool-1 - Thread starvation or clock leap detected (housekeeper delta=27m3s50ms558µs900ns).
2023-07-03T00:03:02.768-07:00  INFO 66204 --- [SpringApplicationShutdownHook] j.LocalContainerEntityManagerFactoryBean : Closing JPA EntityManagerFactory for persistence unit 'default'
2023-07-03T00:03:02.817-07:00  INFO 66204 --- [SpringApplicationShutdownHook] c.z.h.HikariDataSource                   : HikariPool-1 - Shutdown initiated...
2023-07-03T00:03:02.845-07:00  INFO 66204 --- [SpringApplicationShutdownHook] c.z.h.HikariDataSource                   : HikariPool-1 - Shutdown completed.
